
================================================================================
EXPERIMENT CONFIGURATION
================================================================================
HIDDEN_DIM: 512
AUGMENTATION_FACTOR: 10
================================================================================


=== Loading Dataset ===
Dataset Shape: (404340, 60)
書店コード                              int32
書名                                 int32
日付                        datetime64[ns]
POS販売冊数                            int32
出版社                                int32
著者名                                int32
大分類                                int32
中分類                                int32
小分類                                int32
本体価格                             float32
開店時間(平)                   datetime64[ns]
閉店時間(平)                   datetime64[ns]
営業時間(平)                            int32
開店時間(特)                   datetime64[ns]
閉店時間(特)                   datetime64[ns]
営業時間(特)                            int32
駅構内                                int32
複合施設                               int32
独立店舗                               int32
n_slice                            int64
month_in_year_sin                float32
month_in_year_cos                float32
week_in_year_sin                 float32
week_in_year_cos                 float32
day_in_year_sin                  float32
day_in_year_cos                  float32
day_in_month                       int32
week_in_month_sin                float32
week_in_month_cos                float32
day_in_month_sin                 float32
day_in_month_cos                 float32
day_in_week_sin                  float32
day_in_week_cos                  float32
is_weekend                         int32
quarter                            int32
mesh_pop_center                  float32
mesh_pop_neighbors_avg           float32
mesh_pop_gradient_NS             float32
mesh_pop_gradient_EW             float32
POS販売冊数_roll_mean3               float32
POS販売冊数_roll_std3                float32
POS販売冊数_roll_max3                float32
POS販売冊数_roll_mean5               float32
POS販売冊数_roll_std5                float32
POS販売冊数_roll_max5                float32
POS販売冊数_roll_mean7               float32
POS販売冊数_roll_std7                float32
POS販売冊数_roll_max7                float32
POS販売冊数_roll_mean8               float32
POS販売冊数_roll_std8                float32
POS販売冊数_roll_max8                float32
POS販売冊数_roll_mean16              float32
POS販売冊数_roll_std16               float32
POS販売冊数_roll_max16               float32
POS販売冊数_roll_mean32              float32
POS販売冊数_roll_std32               float32
POS販売冊数_roll_max32               float32
POS販売冊数_roll_mean64              float32
POS販売冊数_roll_std64               float32
POS販売冊数_roll_max64               float32
dtype: object
Using device: mps

=== Creating Slice Dataset ===
Processing 12670 samples (with 10x augmentation)...
Total series: 12670
Train series: 10136
Test series: 2534

=== Feature Counts ===
Static real: 10
Dynamic real: 85
Past dynamic: 85
Static categorical: 7
Sample shapes:
  feat_dynamic_real: (18, 85)
  past_feat_dynamic_real: (21, 85)

=== Training ===

Sanity Checking: |          | 0/? [00:00<?, ?it/s]
Sanity Checking:   0%|          | 0/2 [00:00<?, ?it/s]
Sanity Checking DataLoader 0:   0%|          | 0/2 [00:00<?, ?it/s]
Sanity Checking DataLoader 0:  50%|█████     | 1/2 [00:00<00:00,  1.29it/s]
Sanity Checking DataLoader 0: 100%|██████████| 2/2 [00:00<00:00,  2.19it/s]
                                                                           

Training: |          | 0/? [00:00<?, ?it/s]
Training: |          | 0/? [00:00<?, ?it/s]
Epoch 0: |          | 0/? [00:00<?, ?it/s] 
Epoch 0: |          | 1/? [00:01<00:00,  0.60it/s]
Epoch 0: |          | 1/? [00:01<00:00,  0.60it/s, v_num=25]
Epoch 0: |          | 2/? [00:01<00:00,  1.10it/s, v_num=25]
Epoch 0: |          | 2/? [00:01<00:00,  1.10it/s, v_num=25]
Epoch 0: |          | 3/? [00:01<00:00,  1.56it/s, v_num=25]
Epoch 0: |          | 3/? [00:01<00:00,  1.56it/s, v_num=25]
Epoch 0: |          | 4/? [00:02<00:00,  1.96it/s, v_num=25]
Epoch 0: |          | 4/? [00:02<00:00,  1.96it/s, v_num=25]
Epoch 0: |          | 5/? [00:02<00:00,  2.34it/s, v_num=25]
Epoch 0: |          | 5/? [00:02<00:00,  2.33it/s, v_num=25]
Epoch 0: |          | 6/? [00:02<00:00,  2.66it/s, v_num=25]
Epoch 0: |          | 6/? [00:02<00:00,  2.66it/s, v_num=25]
Epoch 0: |          | 7/? [00:02<00:00,  2.97it/s, v_num=25]
Epoch 0: |          | 7/? [00:02<00:00,  2.97it/s, v_num=25]
Epoch 0: |          | 8/? [00:02<00:00,  3.22it/s, v_num=25]
Epoch 0: |          | 8/? [00:02<00:00,  3.22it/s, v_num=25]
Epoch 0: |          | 9/? [00:02<00:00,  3.44it/s, v_num=25]
Epoch 0: |          | 9/? [00:02<00:00,  3.44it/s, v_num=25]
Epoch 0: |          | 10/? [00:02<00:00,  3.64it/s, v_num=25]
Epoch 0: |          | 10/? [00:02<00:00,  3.64it/s, v_num=25]
Epoch 0: |          | 11/? [00:02<00:00,  3.85it/s, v_num=25]
Epoch 0: |          | 11/? [00:02<00:00,  3.85it/s, v_num=25]
Epoch 0: |          | 12/? [00:02<00:00,  4.03it/s, v_num=25]
Epoch 0: |          | 12/? [00:02<00:00,  4.03it/s, v_num=25]
Epoch 0: |          | 13/? [00:03<00:00,  4.17it/s, v_num=25]
Epoch 0: |          | 13/? [00:03<00:00,  4.17it/s, v_num=25]
Epoch 0: |          | 14/? [00:03<00:00,  4.35it/s, v_num=25]
Epoch 0: |          | 14/? [00:03<00:00,  4.35it/s, v_num=25]
Epoch 0: |          | 15/? [00:03<00:00,  4.48it/s, v_num=25]
Epoch 0: |          | 15/? [00:03<00:00,  4.48it/s, v_num=25]
Epoch 0: |          | 16/? [00:03<00:00,  4.56it/s, v_num=25]
Epoch 0: |          | 16/? [00:03<00:00,  4.56it/s, v_num=25]
Epoch 0: |          | 17/? [00:03<00:00,  4.69it/s, v_num=25]
Epoch 0: |          | 17/? [00:03<00:00,  4.69it/s, v_num=25]
Epoch 0: |          | 18/? [00:03<00:00,  4.83it/s, v_num=25]
Epoch 0: |          | 18/? [00:03<00:00,  4.83it/s, v_num=25]
Epoch 0: |          | 19/? [00:03<00:00,  4.95it/s, v_num=25]
Epoch 0: |          | 19/? [00:03<00:00,  4.95it/s, v_num=25]
Epoch 0: |          | 20/? [00:03<00:00,  5.05it/s, v_num=25]
Epoch 0: |          | 20/? [00:03<00:00,  5.05it/s, v_num=25]
Epoch 0: |          | 21/? [00:04<00:00,  5.17it/s, v_num=25]
Epoch 0: |          | 21/? [00:04<00:00,  5.17it/s, v_num=25]
Epoch 0: |          | 22/? [00:04<00:00,  5.27it/s, v_num=25]
Epoch 0: |          | 22/? [00:04<00:00,  5.27it/s, v_num=25]
Epoch 0: |          | 23/? [00:04<00:00,  5.33it/s, v_num=25]
Epoch 0: |          | 23/? [00:04<00:00,  5.33it/s, v_num=25]
Epoch 0: |          | 24/? [00:04<00:00,  5.31it/s, v_num=25]
Epoch 0: |          | 24/? [00:04<00:00,  5.31it/s, v_num=25]
Epoch 0: |          | 25/? [00:04<00:00,  5.34it/s, v_num=25]
Epoch 0: |          | 25/? [00:04<00:00,  5.34it/s, v_num=25]
Epoch 0: |          | 26/? [00:04<00:00,  5.43it/s, v_num=25]
Epoch 0: |          | 26/? [00:04<00:00,  5.43it/s, v_num=25]
Epoch 0: |          | 27/? [00:04<00:00,  5.47it/s, v_num=25]
Epoch 0: |          | 27/? [00:04<00:00,  5.47it/s, v_num=25]
Epoch 0: |          | 28/? [00:05<00:00,  5.50it/s, v_num=25]
Epoch 0: |          | 28/? [00:05<00:00,  5.50it/s, v_num=25]
Epoch 0: |          | 29/? [00:05<00:00,  5.55it/s, v_num=25]
Epoch 0: |          | 29/? [00:05<00:00,  5.55it/s, v_num=25]
Epoch 0: |          | 30/? [00:05<00:00,  5.60it/s, v_num=25]
Epoch 0: |          | 30/? [00:05<00:00,  5.60it/s, v_num=25]
Epoch 0: |          | 31/? [00:05<00:00,  5.62it/s, v_num=25]
Epoch 0: |          | 31/? [00:05<00:00,  5.62it/s, v_num=25]
Epoch 0: |          | 32/? [00:05<00:00,  5.65it/s, v_num=25]
Epoch 0: |          | 32/? [00:05<00:00,  5.65it/s, v_num=25]
Epoch 0: |          | 33/? [00:05<00:00,  5.72it/s, v_num=25]
Epoch 0: |          | 33/? [00:05<00:00,  5.72it/s, v_num=25]
Epoch 0: |          | 34/? [00:05<00:00,  5.79it/s, v_num=25]
Epoch 0: |          | 34/? [00:05<00:00,  5.79it/s, v_num=25]
Epoch 0: |          | 35/? [00:06<00:00,  5.83it/s, v_num=25]
Epoch 0: |          | 35/? [00:06<00:00,  5.83it/s, v_num=25]
Epoch 0: |          | 36/? [00:06<00:00,  5.90it/s, v_num=25]
Epoch 0: |          | 36/? [00:06<00:00,  5.90it/s, v_num=25]
Epoch 0: |          | 37/? [00:06<00:00,  5.92it/s, v_num=25]
Epoch 0: |          | 37/? [00:06<00:00,  5.92it/s, v_num=25]
Epoch 0: |          | 38/? [00:06<00:00,  5.97it/s, v_num=25]
Epoch 0: |          | 38/? [00:06<00:00,  5.97it/s, v_num=25]
Epoch 0: |          | 39/? [00:06<00:00,  6.02it/s, v_num=25]
Epoch 0: |          | 39/? [00:06<00:00,  6.02it/s, v_num=25]
Epoch 0: |          | 40/? [00:06<00:00,  6.06it/s, v_num=25]
Epoch 0: |          | 40/? [00:06<00:00,  6.06it/s, v_num=25]
Epoch 0: |          | 41/? [00:06<00:00,  6.08it/s, v_num=25]
Epoch 0: |          | 41/? [00:06<00:00,  6.08it/s, v_num=25]
Epoch 0: |          | 42/? [00:06<00:00,  6.11it/s, v_num=25]
Epoch 0: |          | 42/? [00:06<00:00,  6.11it/s, v_num=25]
Epoch 0: |          | 43/? [00:07<00:00,  6.12it/s, v_num=25]
Epoch 0: |          | 43/? [00:07<00:00,  6.12it/s, v_num=25]
Epoch 0: |          | 44/? [00:07<00:00,  6.15it/s, v_num=25]
Epoch 0: |          | 44/? [00:07<00:00,  6.15it/s, v_num=25]
Epoch 0: |          | 45/? [00:07<00:00,  6.20it/s, v_num=25]
Epoch 0: |          | 45/? [00:07<00:00,  6.20it/s, v_num=25]
Epoch 0: |          | 46/? [00:07<00:00,  6.23it/s, v_num=25]
Epoch 0: |          | 46/? [00:07<00:00,  6.23it/s, v_num=25]
Epoch 0: |          | 47/? [00:07<00:00,  6.27it/s, v_num=25]
Epoch 0: |          | 47/? [00:07<00:00,  6.27it/s, v_num=25]
Epoch 0: |          | 48/? [00:07<00:00,  6.31it/s, v_num=25]
Epoch 0: |          | 48/? [00:07<00:00,  6.31it/s, v_num=25]
Epoch 0: |          | 49/? [00:07<00:00,  6.32it/s, v_num=25]
Epoch 0: |          | 49/? [00:07<00:00,  6.32it/s, v_num=25]
Epoch 0: |          | 50/? [00:07<00:00,  6.35it/s, v_num=25]
Epoch 0: |          | 50/? [00:07<00:00,  6.35it/s, v_num=25]

Validation: |          | 0/? [00:00<?, ?it/s][A

Validation: |          | 0/? [00:00<?, ?it/s][A

Validation DataLoader 0: |          | 0/? [00:00<?, ?it/s][A

Validation DataLoader 0: |          | 1/? [00:00<00:00, 27.75it/s][A

Validation DataLoader 0: |          | 2/? [00:00<00:00, 23.90it/s][A

Validation DataLoader 0: |          | 3/? [00:00<00:00, 22.60it/s][A

Validation DataLoader 0: |          | 4/? [00:00<00:00, 22.33it/s][A

Validation DataLoader 0: |          | 5/? [00:00<00:00, 22.05it/s][A

Validation DataLoader 0: |          | 6/? [00:00<00:00, 21.79it/s][A

Validation DataLoader 0: |          | 7/? [00:00<00:00, 21.04it/s][A

Validation DataLoader 0: |          | 8/? [00:00<00:00, 19.84it/s][A

Validation DataLoader 0: |          | 9/? [00:00<00:00, 19.86it/s][A

Validation DataLoader 0: |          | 10/? [00:00<00:00, 19.82it/s][A

Validation DataLoader 0: |          | 11/? [00:00<00:00, 19.91it/s][A

Validation DataLoader 0: |          | 12/? [00:00<00:00, 20.00it/s][A

Validation DataLoader 0: |          | 13/? [00:00<00:00, 19.95it/s][A

Validation DataLoader 0: |          | 14/? [00:00<00:00, 19.52it/s][A

Validation DataLoader 0: |          | 15/? [00:00<00:00, 18.66it/s][A

Validation DataLoader 0: |          | 16/? [00:00<00:00, 18.71it/s][A

Validation DataLoader 0: |          | 17/? [00:00<00:00, 18.77it/s][A

Validation DataLoader 0: |          | 18/? [00:00<00:00, 18.24it/s][A

Validation DataLoader 0: |          | 19/? [00:01<00:00, 17.71it/s][A

Validation DataLoader 0: |          | 20/? [00:01<00:00, 17.31it/s][A

Validation DataLoader 0: |          | 21/? [00:01<00:00, 17.13it/s][A

Validation DataLoader 0: |          | 22/? [00:01<00:00, 16.77it/s][A

Validation DataLoader 0: |          | 23/? [00:01<00:00, 16.88it/s][A

Validation DataLoader 0: |          | 24/? [00:01<00:00, 16.98it/s][A

Validation DataLoader 0: |          | 25/? [00:01<00:00, 16.80it/s][A

Validation DataLoader 0: |          | 26/? [00:01<00:00, 16.71it/s][A

Validation DataLoader 0: |          | 27/? [00:01<00:00, 16.80it/s][A

Validation DataLoader 0: |          | 28/? [00:01<00:00, 16.87it/s][A

Validation DataLoader 0: |          | 29/? [00:01<00:00, 16.72it/s][A

Validation DataLoader 0: |          | 30/? [00:01<00:00, 16.46it/s][A

Validation DataLoader 0: |          | 31/? [00:01<00:00, 16.28it/s][A

Validation DataLoader 0: |          | 32/? [00:01<00:00, 16.40it/s][A

Validation DataLoader 0: |          | 33/? [00:02<00:00, 16.45it/s][A

Validation DataLoader 0: |          | 34/? [00:02<00:00, 16.52it/s][A

Validation DataLoader 0: |          | 35/? [00:02<00:00, 16.59it/s][A

Validation DataLoader 0: |          | 36/? [00:02<00:00, 16.66it/s][A

Validation DataLoader 0: |          | 37/? [00:02<00:00, 16.48it/s][A

Validation DataLoader 0: |          | 38/? [00:02<00:00, 16.46it/s][A

Validation DataLoader 0: |          | 39/? [00:02<00:00, 16.52it/s][A

Validation DataLoader 0: |          | 40/? [00:02<00:00, 14.68it/s][A

                                                                   [A
Epoch 0: |          | 50/? [00:10<00:00,  4.71it/s, v_num=25, val_loss=2.160]
Epoch 0: |          | 50/? [00:10<00:00,  4.71it/s, v_num=25, val_loss=2.160, train_loss=2.130]
Epoch 0: |          | 50/? [00:11<00:00,  4.47it/s, v_num=25, val_loss=2.160, train_loss=2.130]

=== Evaluation ===

============================================================
Performance Metrics
============================================================
MASE      : 0.9674
RMSE      : 11.5456
MAPE      : 0.8968
sMAPE     : 0.6035
Error: 0.90%

Model saved to: model/
Metrics saved to: score/
============================================================
GPU available: True (mps), used: True
TPU available: False, using: 0 TPU cores
HPU available: False, using: 0 HPUs

  | Name  | Type                           | Params | Mode  | In sizes                                                                           | Out sizes                     
---------------------------------------------------------------------------------------------------------------------------------------------------------------------------------------
0 | model | TemporalFusionTransformerModel | 9.5 M  | train | [[1, 56], [1, 56], [1, 1], [1, 7], [1, 70, 3], [1, 70, 0], [1, 56, 0], [1, 56, 0]] | [[[1, 14, 9]], [1, 1], [1, 1]]
---------------------------------------------------------------------------------------------------------------------------------------------------------------------------------------
9.5 M     Trainable params
0         Non-trainable params
9.5 M     Total params
38.082    Total estimated model params size (MB)
269       Modules in train mode
0         Modules in eval mode
Epoch 0, global step 50: 'val_loss' reached 2.15670 (best 2.15670), saving model to '/Users/dmainf/mac/data_comp/eda/lightning_logs/version_25/checkpoints/epoch=0-step=50.ckpt' as top 1
`Trainer.fit` stopped: `max_epochs=1` reached.

Running evaluation: 0it [00:00, ?it/s]
Running evaluation: 2534it [00:00, 10270.09it/s]
