
================================================================================
EXPERIMENT CONFIGURATION
================================================================================
HIDDEN_DIM: 256
AUGMENTATION_FACTOR: 10
================================================================================


=== Loading Dataset ===
Dataset Shape: (404340, 60)
書店コード                              int32
書名                                 int32
日付                        datetime64[ns]
POS販売冊数                            int32
出版社                                int32
著者名                                int32
大分類                                int32
中分類                                int32
小分類                                int32
本体価格                             float32
開店時間(平)                   datetime64[ns]
閉店時間(平)                   datetime64[ns]
営業時間(平)                            int32
開店時間(特)                   datetime64[ns]
閉店時間(特)                   datetime64[ns]
営業時間(特)                            int32
駅構内                                int32
複合施設                               int32
独立店舗                               int32
n_slice                            int64
month_in_year_sin                float32
month_in_year_cos                float32
week_in_year_sin                 float32
week_in_year_cos                 float32
day_in_year_sin                  float32
day_in_year_cos                  float32
day_in_month                       int32
week_in_month_sin                float32
week_in_month_cos                float32
day_in_month_sin                 float32
day_in_month_cos                 float32
day_in_week_sin                  float32
day_in_week_cos                  float32
is_weekend                         int32
quarter                            int32
mesh_pop_center                  float32
mesh_pop_neighbors_avg           float32
mesh_pop_gradient_NS             float32
mesh_pop_gradient_EW             float32
POS販売冊数_roll_mean3               float32
POS販売冊数_roll_std3                float32
POS販売冊数_roll_max3                float32
POS販売冊数_roll_mean5               float32
POS販売冊数_roll_std5                float32
POS販売冊数_roll_max5                float32
POS販売冊数_roll_mean7               float32
POS販売冊数_roll_std7                float32
POS販売冊数_roll_max7                float32
POS販売冊数_roll_mean8               float32
POS販売冊数_roll_std8                float32
POS販売冊数_roll_max8                float32
POS販売冊数_roll_mean16              float32
POS販売冊数_roll_std16               float32
POS販売冊数_roll_max16               float32
POS販売冊数_roll_mean32              float32
POS販売冊数_roll_std32               float32
POS販売冊数_roll_max32               float32
POS販売冊数_roll_mean64              float32
POS販売冊数_roll_std64               float32
POS販売冊数_roll_max64               float32
dtype: object
Using device: mps

=== Creating Slice Dataset ===
Processing 12610 samples (with 10x augmentation)...
Total series: 12610
Train series: 10088
Test series: 2522

=== Feature Counts ===
Static real: 10
Dynamic real: 77
Past dynamic: 77
Static categorical: 7
Sample shapes:
  feat_dynamic_real: (18, 77)
  past_feat_dynamic_real: (21, 77)

=== Training ===

Sanity Checking: |          | 0/? [00:00<?, ?it/s]
Sanity Checking:   0%|          | 0/2 [00:00<?, ?it/s]
Sanity Checking DataLoader 0:   0%|          | 0/2 [00:00<?, ?it/s]
Sanity Checking DataLoader 0:  50%|█████     | 1/2 [00:00<00:00,  2.88it/s]
Sanity Checking DataLoader 0: 100%|██████████| 2/2 [00:00<00:00,  4.92it/s]
                                                                           

Training: |          | 0/? [00:00<?, ?it/s]
Training: |          | 0/? [00:00<?, ?it/s]
Epoch 0: |          | 0/? [00:00<?, ?it/s] 
Epoch 0: |          | 1/? [00:01<00:00,  0.85it/s]
Epoch 0: |          | 1/? [00:01<00:00,  0.85it/s, v_num=23]
Epoch 0: |          | 2/? [00:01<00:00,  1.52it/s, v_num=23]
Epoch 0: |          | 2/? [00:01<00:00,  1.52it/s, v_num=23]
Epoch 0: |          | 3/? [00:01<00:00,  2.09it/s, v_num=23]
Epoch 0: |          | 3/? [00:01<00:00,  2.09it/s, v_num=23]
Epoch 0: |          | 4/? [00:01<00:00,  2.47it/s, v_num=23]
Epoch 0: |          | 4/? [00:01<00:00,  2.47it/s, v_num=23]
Epoch 0: |          | 5/? [00:01<00:00,  2.83it/s, v_num=23]
Epoch 0: |          | 5/? [00:01<00:00,  2.83it/s, v_num=23]
Epoch 0: |          | 6/? [00:01<00:00,  3.08it/s, v_num=23]
Epoch 0: |          | 6/? [00:01<00:00,  3.08it/s, v_num=23]
Epoch 0: |          | 7/? [00:02<00:00,  3.40it/s, v_num=23]
Epoch 0: |          | 7/? [00:02<00:00,  3.40it/s, v_num=23]
Epoch 0: |          | 8/? [00:02<00:00,  3.68it/s, v_num=23]
Epoch 0: |          | 8/? [00:02<00:00,  3.67it/s, v_num=23]
Epoch 0: |          | 9/? [00:02<00:00,  3.91it/s, v_num=23]
Epoch 0: |          | 9/? [00:02<00:00,  3.91it/s, v_num=23]
Epoch 0: |          | 10/? [00:02<00:00,  4.16it/s, v_num=23]
Epoch 0: |          | 10/? [00:02<00:00,  4.16it/s, v_num=23]
Epoch 0: |          | 11/? [00:02<00:00,  4.29it/s, v_num=23]
Epoch 0: |          | 11/? [00:02<00:00,  4.29it/s, v_num=23]
Epoch 0: |          | 12/? [00:02<00:00,  4.38it/s, v_num=23]
Epoch 0: |          | 12/? [00:02<00:00,  4.38it/s, v_num=23]
Epoch 0: |          | 13/? [00:02<00:00,  4.48it/s, v_num=23]
Epoch 0: |          | 13/? [00:02<00:00,  4.48it/s, v_num=23]
Epoch 0: |          | 14/? [00:03<00:00,  4.58it/s, v_num=23]
Epoch 0: |          | 14/? [00:03<00:00,  4.58it/s, v_num=23]
Epoch 0: |          | 15/? [00:03<00:00,  4.75it/s, v_num=23]
Epoch 0: |          | 15/? [00:03<00:00,  4.75it/s, v_num=23]
Epoch 0: |          | 16/? [00:03<00:00,  4.89it/s, v_num=23]
Epoch 0: |          | 16/? [00:03<00:00,  4.89it/s, v_num=23]
Epoch 0: |          | 17/? [00:03<00:00,  5.01it/s, v_num=23]
Epoch 0: |          | 17/? [00:03<00:00,  5.01it/s, v_num=23]
Epoch 0: |          | 18/? [00:03<00:00,  5.15it/s, v_num=23]
Epoch 0: |          | 18/? [00:03<00:00,  5.15it/s, v_num=23]
Epoch 0: |          | 19/? [00:03<00:00,  5.26it/s, v_num=23]
Epoch 0: |          | 19/? [00:03<00:00,  5.26it/s, v_num=23]
Epoch 0: |          | 20/? [00:03<00:00,  5.40it/s, v_num=23]
Epoch 0: |          | 20/? [00:03<00:00,  5.40it/s, v_num=23]
Epoch 0: |          | 21/? [00:03<00:00,  5.52it/s, v_num=23]
Epoch 0: |          | 21/? [00:03<00:00,  5.52it/s, v_num=23]
Epoch 0: |          | 22/? [00:03<00:00,  5.64it/s, v_num=23]
Epoch 0: |          | 22/? [00:03<00:00,  5.64it/s, v_num=23]
Epoch 0: |          | 23/? [00:04<00:00,  5.74it/s, v_num=23]
Epoch 0: |          | 23/? [00:04<00:00,  5.74it/s, v_num=23]
Epoch 0: |          | 24/? [00:04<00:00,  5.83it/s, v_num=23]
Epoch 0: |          | 24/? [00:04<00:00,  5.83it/s, v_num=23]
Epoch 0: |          | 25/? [00:04<00:00,  5.92it/s, v_num=23]
Epoch 0: |          | 25/? [00:04<00:00,  5.92it/s, v_num=23]
Epoch 0: |          | 26/? [00:04<00:00,  6.01it/s, v_num=23]
Epoch 0: |          | 26/? [00:04<00:00,  6.01it/s, v_num=23]
Epoch 0: |          | 27/? [00:04<00:00,  6.08it/s, v_num=23]
Epoch 0: |          | 27/? [00:04<00:00,  6.08it/s, v_num=23]
Epoch 0: |          | 28/? [00:04<00:00,  6.18it/s, v_num=23]
Epoch 0: |          | 28/? [00:04<00:00,  6.18it/s, v_num=23]
Epoch 0: |          | 29/? [00:04<00:00,  6.25it/s, v_num=23]
Epoch 0: |          | 29/? [00:04<00:00,  6.25it/s, v_num=23]
Epoch 0: |          | 30/? [00:04<00:00,  6.33it/s, v_num=23]
Epoch 0: |          | 30/? [00:04<00:00,  6.33it/s, v_num=23]
Epoch 0: |          | 31/? [00:04<00:00,  6.43it/s, v_num=23]
Epoch 0: |          | 31/? [00:04<00:00,  6.43it/s, v_num=23]
Epoch 0: |          | 32/? [00:04<00:00,  6.51it/s, v_num=23]
Epoch 0: |          | 32/? [00:04<00:00,  6.51it/s, v_num=23]
Epoch 0: |          | 33/? [00:05<00:00,  6.56it/s, v_num=23]
Epoch 0: |          | 33/? [00:05<00:00,  6.56it/s, v_num=23]
Epoch 0: |          | 34/? [00:05<00:00,  6.64it/s, v_num=23]
Epoch 0: |          | 34/? [00:05<00:00,  6.64it/s, v_num=23]
Epoch 0: |          | 35/? [00:05<00:00,  6.70it/s, v_num=23]
Epoch 0: |          | 35/? [00:05<00:00,  6.70it/s, v_num=23]
Epoch 0: |          | 36/? [00:05<00:00,  6.72it/s, v_num=23]
Epoch 0: |          | 36/? [00:05<00:00,  6.72it/s, v_num=23]
Epoch 0: |          | 37/? [00:05<00:00,  6.79it/s, v_num=23]
Epoch 0: |          | 37/? [00:05<00:00,  6.79it/s, v_num=23]
Epoch 0: |          | 38/? [00:05<00:00,  6.83it/s, v_num=23]
Epoch 0: |          | 38/? [00:05<00:00,  6.83it/s, v_num=23]
Epoch 0: |          | 39/? [00:05<00:00,  6.90it/s, v_num=23]
Epoch 0: |          | 39/? [00:05<00:00,  6.90it/s, v_num=23]
Epoch 0: |          | 40/? [00:05<00:00,  6.96it/s, v_num=23]
Epoch 0: |          | 40/? [00:05<00:00,  6.96it/s, v_num=23]
Epoch 0: |          | 41/? [00:05<00:00,  7.00it/s, v_num=23]
Epoch 0: |          | 41/? [00:05<00:00,  7.00it/s, v_num=23]
Epoch 0: |          | 42/? [00:05<00:00,  7.07it/s, v_num=23]
Epoch 0: |          | 42/? [00:05<00:00,  7.07it/s, v_num=23]
Epoch 0: |          | 43/? [00:06<00:00,  6.94it/s, v_num=23]
Epoch 0: |          | 43/? [00:06<00:00,  6.94it/s, v_num=23]
Epoch 0: |          | 44/? [00:06<00:00,  6.94it/s, v_num=23]
Epoch 0: |          | 44/? [00:06<00:00,  6.94it/s, v_num=23]
Epoch 0: |          | 45/? [00:06<00:00,  6.99it/s, v_num=23]
Epoch 0: |          | 45/? [00:06<00:00,  6.99it/s, v_num=23]
Epoch 0: |          | 46/? [00:06<00:00,  6.96it/s, v_num=23]
Epoch 0: |          | 46/? [00:06<00:00,  6.96it/s, v_num=23]
Epoch 0: |          | 47/? [00:06<00:00,  6.96it/s, v_num=23]
Epoch 0: |          | 47/? [00:06<00:00,  6.96it/s, v_num=23]
Epoch 0: |          | 48/? [00:06<00:00,  6.93it/s, v_num=23]
Epoch 0: |          | 48/? [00:06<00:00,  6.93it/s, v_num=23]
Epoch 0: |          | 49/? [00:07<00:00,  6.91it/s, v_num=23]
Epoch 0: |          | 49/? [00:07<00:00,  6.91it/s, v_num=23]
Epoch 0: |          | 50/? [00:07<00:00,  6.91it/s, v_num=23]
Epoch 0: |          | 50/? [00:07<00:00,  6.89it/s, v_num=23]

Validation: |          | 0/? [00:00<?, ?it/s][A

Validation: |          | 0/? [00:00<?, ?it/s][A

Validation DataLoader 0: |          | 0/? [00:00<?, ?it/s][A

Validation DataLoader 0: |          | 1/? [00:00<00:00, 32.58it/s][A

Validation DataLoader 0: |          | 2/? [00:00<00:00, 23.34it/s][A

Validation DataLoader 0: |          | 3/? [00:00<00:00, 20.55it/s][A

Validation DataLoader 0: |          | 4/? [00:00<00:00, 18.08it/s][A

Validation DataLoader 0: |          | 5/? [00:00<00:00, 18.28it/s][A

Validation DataLoader 0: |          | 6/? [00:00<00:00, 17.02it/s][A

Validation DataLoader 0: |          | 7/? [00:00<00:00, 15.28it/s][A

Validation DataLoader 0: |          | 8/? [00:00<00:00, 15.27it/s][A

Validation DataLoader 0: |          | 9/? [00:00<00:00, 14.90it/s][A

Validation DataLoader 0: |          | 10/? [00:00<00:00, 14.46it/s][A

Validation DataLoader 0: |          | 11/? [00:00<00:00, 14.10it/s][A

Validation DataLoader 0: |          | 12/? [00:00<00:00, 14.46it/s][A

Validation DataLoader 0: |          | 13/? [00:00<00:00, 14.41it/s][A

Validation DataLoader 0: |          | 14/? [00:00<00:00, 14.73it/s][A

Validation DataLoader 0: |          | 15/? [00:01<00:00, 14.93it/s][A

Validation DataLoader 0: |          | 16/? [00:01<00:00, 14.89it/s][A

Validation DataLoader 0: |          | 17/? [00:01<00:00, 14.69it/s][A

Validation DataLoader 0: |          | 18/? [00:01<00:00, 14.79it/s][A

Validation DataLoader 0: |          | 19/? [00:01<00:00, 14.74it/s][A

Validation DataLoader 0: |          | 20/? [00:01<00:00, 14.48it/s][A

Validation DataLoader 0: |          | 21/? [00:01<00:00, 14.47it/s][A

Validation DataLoader 0: |          | 22/? [00:01<00:00, 14.17it/s][A

Validation DataLoader 0: |          | 23/? [00:01<00:00, 14.32it/s][A

Validation DataLoader 0: |          | 24/? [00:01<00:00, 14.45it/s][A

Validation DataLoader 0: |          | 25/? [00:01<00:00, 14.40it/s][A

Validation DataLoader 0: |          | 26/? [00:01<00:00, 14.27it/s][A

Validation DataLoader 0: |          | 27/? [00:01<00:00, 14.23it/s][A

Validation DataLoader 0: |          | 28/? [00:01<00:00, 14.36it/s][A

Validation DataLoader 0: |          | 29/? [00:01<00:00, 14.58it/s][A

Validation DataLoader 0: |          | 30/? [00:02<00:00, 14.50it/s][A

Validation DataLoader 0: |          | 31/? [00:02<00:00, 14.60it/s][A

Validation DataLoader 0: |          | 32/? [00:02<00:00, 14.65it/s][A

Validation DataLoader 0: |          | 33/? [00:02<00:00, 14.77it/s][A

Validation DataLoader 0: |          | 34/? [00:02<00:00, 14.55it/s][A

Validation DataLoader 0: |          | 35/? [00:02<00:00, 14.31it/s][A

Validation DataLoader 0: |          | 36/? [00:02<00:00, 14.26it/s][A

Validation DataLoader 0: |          | 37/? [00:02<00:00, 14.19it/s][A

Validation DataLoader 0: |          | 38/? [00:02<00:00, 14.06it/s][A

Validation DataLoader 0: |          | 39/? [00:02<00:00, 13.91it/s][A

Validation DataLoader 0: |          | 40/? [00:03<00:00, 11.58it/s][A

                                                                   [A
Epoch 0: |          | 50/? [00:10<00:00,  4.63it/s, v_num=23, val_loss=1.870]
Epoch 0: |          | 50/? [00:10<00:00,  4.63it/s, v_num=23, val_loss=1.870, train_loss=1.870]
Epoch 0: |          | 50/? [00:11<00:00,  4.34it/s, v_num=23, val_loss=1.870, train_loss=1.870]

=== Evaluation ===

============================================================
Performance Metrics
============================================================
MASE      : 0.8728
RMSE      : 9.0565
MAPE      : 0.4759
sMAPE     : 0.5586
Error: 0.48%

Model saved to: model/
Metrics saved to: score/
============================================================
GPU available: True (mps), used: True
TPU available: False, using: 0 TPU cores
HPU available: False, using: 0 HPUs

  | Name  | Type                           | Params | Mode  | In sizes                                                                           | Out sizes                     
---------------------------------------------------------------------------------------------------------------------------------------------------------------------------------------
0 | model | TemporalFusionTransformerModel | 4.1 M  | train | [[1, 56], [1, 56], [1, 1], [1, 7], [1, 70, 3], [1, 70, 0], [1, 56, 0], [1, 56, 0]] | [[[1, 14, 9]], [1, 1], [1, 1]]
---------------------------------------------------------------------------------------------------------------------------------------------------------------------------------------
4.1 M     Trainable params
0         Non-trainable params
4.1 M     Total params
16.521    Total estimated model params size (MB)
269       Modules in train mode
0         Modules in eval mode
Epoch 0, global step 50: 'val_loss' reached 1.87011 (best 1.87011), saving model to '/Users/dmainf/mac/data_comp/eda/lightning_logs/version_23/checkpoints/epoch=0-step=50.ckpt' as top 1
`Trainer.fit` stopped: `max_epochs=1` reached.

Running evaluation: 0it [00:00, ?it/s]
Running evaluation: 2522it [00:00, 10421.66it/s]
