
================================================================================
EXPERIMENT CONFIGURATION
================================================================================
HIDDEN_DIM: 128
AUGMENTATION_FACTOR: 10
================================================================================


=== Loading Dataset ===
Dataset Shape: (404340, 60)
書店コード                              int32
書名                                 int32
日付                        datetime64[ns]
POS販売冊数                            int32
出版社                                int32
著者名                                int32
大分類                                int32
中分類                                int32
小分類                                int32
本体価格                             float32
開店時間(平)                   datetime64[ns]
閉店時間(平)                   datetime64[ns]
営業時間(平)                            int32
開店時間(特)                   datetime64[ns]
閉店時間(特)                   datetime64[ns]
営業時間(特)                            int32
駅構内                                int32
複合施設                               int32
独立店舗                               int32
n_slice                            int64
month_in_year_sin                float32
month_in_year_cos                float32
week_in_year_sin                 float32
week_in_year_cos                 float32
day_in_year_sin                  float32
day_in_year_cos                  float32
day_in_month                       int32
week_in_month_sin                float32
week_in_month_cos                float32
day_in_month_sin                 float32
day_in_month_cos                 float32
day_in_week_sin                  float32
day_in_week_cos                  float32
is_weekend                         int32
quarter                            int32
mesh_pop_center                  float32
mesh_pop_neighbors_avg           float32
mesh_pop_gradient_NS             float32
mesh_pop_gradient_EW             float32
POS販売冊数_roll_mean3               float32
POS販売冊数_roll_std3                float32
POS販売冊数_roll_max3                float32
POS販売冊数_roll_mean5               float32
POS販売冊数_roll_std5                float32
POS販売冊数_roll_max5                float32
POS販売冊数_roll_mean7               float32
POS販売冊数_roll_std7                float32
POS販売冊数_roll_max7                float32
POS販売冊数_roll_mean8               float32
POS販売冊数_roll_std8                float32
POS販売冊数_roll_max8                float32
POS販売冊数_roll_mean16              float32
POS販売冊数_roll_std16               float32
POS販売冊数_roll_max16               float32
POS販売冊数_roll_mean32              float32
POS販売冊数_roll_std32               float32
POS販売冊数_roll_max32               float32
POS販売冊数_roll_mean64              float32
POS販売冊数_roll_std64               float32
POS販売冊数_roll_max64               float32
dtype: object
Using device: mps

=== Creating Slice Dataset ===
Processing 12460 samples (with 10x augmentation)...
Total series: 12460
Train series: 9968
Test series: 2492

=== Feature Counts ===
Static real: 10
Dynamic real: 77
Past dynamic: 77
Static categorical: 7
Sample shapes:
  feat_dynamic_real: (18, 77)
  past_feat_dynamic_real: (21, 77)

=== Training ===

Sanity Checking: |          | 0/? [00:00<?, ?it/s]
Sanity Checking:   0%|          | 0/2 [00:00<?, ?it/s]
Sanity Checking DataLoader 0:   0%|          | 0/2 [00:00<?, ?it/s]
Sanity Checking DataLoader 0:  50%|█████     | 1/2 [00:00<00:00,  2.44it/s]
Sanity Checking DataLoader 0: 100%|██████████| 2/2 [00:00<00:00,  4.08it/s]
                                                                           

Training: |          | 0/? [00:00<?, ?it/s]
Training: |          | 0/? [00:00<?, ?it/s]
Epoch 0: |          | 0/? [00:00<?, ?it/s] 
Epoch 0: |          | 1/? [00:01<00:00,  0.62it/s]
Epoch 0: |          | 1/? [00:01<00:00,  0.62it/s, v_num=21]
Epoch 0: |          | 2/? [00:01<00:00,  1.13it/s, v_num=21]
Epoch 0: |          | 2/? [00:01<00:00,  1.13it/s, v_num=21]
Epoch 0: |          | 3/? [00:01<00:00,  1.60it/s, v_num=21]
Epoch 0: |          | 3/? [00:01<00:00,  1.60it/s, v_num=21]
Epoch 0: |          | 4/? [00:01<00:00,  2.03it/s, v_num=21]
Epoch 0: |          | 4/? [00:01<00:00,  2.03it/s, v_num=21]
Epoch 0: |          | 5/? [00:02<00:00,  2.38it/s, v_num=21]
Epoch 0: |          | 5/? [00:02<00:00,  2.38it/s, v_num=21]
Epoch 0: |          | 6/? [00:02<00:00,  2.70it/s, v_num=21]
Epoch 0: |          | 6/? [00:02<00:00,  2.70it/s, v_num=21]
Epoch 0: |          | 7/? [00:02<00:00,  3.00it/s, v_num=21]
Epoch 0: |          | 7/? [00:02<00:00,  3.00it/s, v_num=21]
Epoch 0: |          | 8/? [00:02<00:00,  3.24it/s, v_num=21]
Epoch 0: |          | 8/? [00:02<00:00,  3.24it/s, v_num=21]
Epoch 0: |          | 9/? [00:02<00:00,  3.49it/s, v_num=21]
Epoch 0: |          | 9/? [00:02<00:00,  3.49it/s, v_num=21]
Epoch 0: |          | 10/? [00:02<00:00,  3.75it/s, v_num=21]
Epoch 0: |          | 10/? [00:02<00:00,  3.75it/s, v_num=21]
Epoch 0: |          | 11/? [00:02<00:00,  3.95it/s, v_num=21]
Epoch 0: |          | 11/? [00:02<00:00,  3.95it/s, v_num=21]
Epoch 0: |          | 12/? [00:02<00:00,  4.14it/s, v_num=21]
Epoch 0: |          | 12/? [00:02<00:00,  4.14it/s, v_num=21]
Epoch 0: |          | 13/? [00:03<00:00,  4.29it/s, v_num=21]
Epoch 0: |          | 13/? [00:03<00:00,  4.29it/s, v_num=21]
Epoch 0: |          | 14/? [00:03<00:00,  4.45it/s, v_num=21]
Epoch 0: |          | 14/? [00:03<00:00,  4.45it/s, v_num=21]
Epoch 0: |          | 15/? [00:03<00:00,  4.60it/s, v_num=21]
Epoch 0: |          | 15/? [00:03<00:00,  4.60it/s, v_num=21]
Epoch 0: |          | 16/? [00:03<00:00,  4.74it/s, v_num=21]
Epoch 0: |          | 16/? [00:03<00:00,  4.74it/s, v_num=21]
Epoch 0: |          | 17/? [00:03<00:00,  4.85it/s, v_num=21]
Epoch 0: |          | 17/? [00:03<00:00,  4.85it/s, v_num=21]
Epoch 0: |          | 18/? [00:03<00:00,  4.95it/s, v_num=21]
Epoch 0: |          | 18/? [00:03<00:00,  4.95it/s, v_num=21]
Epoch 0: |          | 19/? [00:03<00:00,  5.12it/s, v_num=21]
Epoch 0: |          | 19/? [00:03<00:00,  5.12it/s, v_num=21]
Epoch 0: |          | 20/? [00:03<00:00,  5.24it/s, v_num=21]
Epoch 0: |          | 20/? [00:03<00:00,  5.24it/s, v_num=21]
Epoch 0: |          | 21/? [00:03<00:00,  5.33it/s, v_num=21]
Epoch 0: |          | 21/? [00:03<00:00,  5.33it/s, v_num=21]
Epoch 0: |          | 22/? [00:04<00:00,  5.42it/s, v_num=21]
Epoch 0: |          | 22/? [00:04<00:00,  5.42it/s, v_num=21]
Epoch 0: |          | 23/? [00:04<00:00,  5.43it/s, v_num=21]
Epoch 0: |          | 23/? [00:04<00:00,  5.43it/s, v_num=21]
Epoch 0: |          | 24/? [00:04<00:00,  5.44it/s, v_num=21]
Epoch 0: |          | 24/? [00:04<00:00,  5.44it/s, v_num=21]
Epoch 0: |          | 25/? [00:04<00:00,  5.41it/s, v_num=21]
Epoch 0: |          | 25/? [00:04<00:00,  5.41it/s, v_num=21]
Epoch 0: |          | 26/? [00:04<00:00,  5.41it/s, v_num=21]
Epoch 0: |          | 26/? [00:04<00:00,  5.41it/s, v_num=21]
Epoch 0: |          | 27/? [00:04<00:00,  5.50it/s, v_num=21]
Epoch 0: |          | 27/? [00:04<00:00,  5.50it/s, v_num=21]
Epoch 0: |          | 28/? [00:05<00:00,  5.55it/s, v_num=21]
Epoch 0: |          | 28/? [00:05<00:00,  5.55it/s, v_num=21]
Epoch 0: |          | 29/? [00:05<00:00,  5.61it/s, v_num=21]
Epoch 0: |          | 29/? [00:05<00:00,  5.61it/s, v_num=21]
Epoch 0: |          | 30/? [00:05<00:00,  5.63it/s, v_num=21]
Epoch 0: |          | 30/? [00:05<00:00,  5.63it/s, v_num=21]
Epoch 0: |          | 31/? [00:05<00:00,  5.69it/s, v_num=21]
Epoch 0: |          | 31/? [00:05<00:00,  5.69it/s, v_num=21]
Epoch 0: |          | 32/? [00:05<00:00,  5.74it/s, v_num=21]
Epoch 0: |          | 32/? [00:05<00:00,  5.74it/s, v_num=21]
Epoch 0: |          | 33/? [00:05<00:00,  5.79it/s, v_num=21]
Epoch 0: |          | 33/? [00:05<00:00,  5.79it/s, v_num=21]
Epoch 0: |          | 34/? [00:05<00:00,  5.85it/s, v_num=21]
Epoch 0: |          | 34/? [00:05<00:00,  5.85it/s, v_num=21]
Epoch 0: |          | 35/? [00:05<00:00,  5.88it/s, v_num=21]
Epoch 0: |          | 35/? [00:05<00:00,  5.88it/s, v_num=21]
Epoch 0: |          | 36/? [00:06<00:00,  5.96it/s, v_num=21]
Epoch 0: |          | 36/? [00:06<00:00,  5.96it/s, v_num=21]
Epoch 0: |          | 37/? [00:06<00:00,  6.00it/s, v_num=21]
Epoch 0: |          | 37/? [00:06<00:00,  6.00it/s, v_num=21]
Epoch 0: |          | 38/? [00:06<00:00,  5.97it/s, v_num=21]
Epoch 0: |          | 38/? [00:06<00:00,  5.97it/s, v_num=21]
Epoch 0: |          | 39/? [00:06<00:00,  5.99it/s, v_num=21]
Epoch 0: |          | 39/? [00:06<00:00,  5.99it/s, v_num=21]
Epoch 0: |          | 40/? [00:06<00:00,  5.78it/s, v_num=21]
Epoch 0: |          | 40/? [00:06<00:00,  5.78it/s, v_num=21]
Epoch 0: |          | 41/? [00:07<00:00,  5.81it/s, v_num=21]
Epoch 0: |          | 41/? [00:07<00:00,  5.81it/s, v_num=21]
Epoch 0: |          | 42/? [00:07<00:00,  5.85it/s, v_num=21]
Epoch 0: |          | 42/? [00:07<00:00,  5.85it/s, v_num=21]
Epoch 0: |          | 43/? [00:07<00:00,  5.84it/s, v_num=21]
Epoch 0: |          | 43/? [00:07<00:00,  5.84it/s, v_num=21]
Epoch 0: |          | 44/? [00:07<00:00,  5.84it/s, v_num=21]
Epoch 0: |          | 44/? [00:07<00:00,  5.84it/s, v_num=21]
Epoch 0: |          | 45/? [00:07<00:00,  5.79it/s, v_num=21]
Epoch 0: |          | 45/? [00:07<00:00,  5.79it/s, v_num=21]
Epoch 0: |          | 46/? [00:08<00:00,  5.75it/s, v_num=21]
Epoch 0: |          | 46/? [00:08<00:00,  5.75it/s, v_num=21]
Epoch 0: |          | 47/? [00:08<00:00,  5.75it/s, v_num=21]
Epoch 0: |          | 47/? [00:08<00:00,  5.75it/s, v_num=21]
Epoch 0: |          | 48/? [00:08<00:00,  5.73it/s, v_num=21]
Epoch 0: |          | 48/? [00:08<00:00,  5.73it/s, v_num=21]
Epoch 0: |          | 49/? [00:08<00:00,  5.76it/s, v_num=21]
Epoch 0: |          | 49/? [00:08<00:00,  5.76it/s, v_num=21]
Epoch 0: |          | 50/? [00:08<00:00,  5.80it/s, v_num=21]
Epoch 0: |          | 50/? [00:08<00:00,  5.80it/s, v_num=21]

Validation: |          | 0/? [00:00<?, ?it/s][A

Validation: |          | 0/? [00:00<?, ?it/s][A

Validation DataLoader 0: |          | 0/? [00:00<?, ?it/s][A

Validation DataLoader 0: |          | 1/? [00:00<00:00, 30.76it/s][A

Validation DataLoader 0: |          | 2/? [00:00<00:00, 25.06it/s][A

Validation DataLoader 0: |          | 3/? [00:00<00:00, 22.25it/s][A

Validation DataLoader 0: |          | 4/? [00:00<00:00, 22.13it/s][A

Validation DataLoader 0: |          | 5/? [00:00<00:00, 22.67it/s][A

Validation DataLoader 0: |          | 6/? [00:00<00:00, 22.89it/s][A

Validation DataLoader 0: |          | 7/? [00:00<00:00, 22.39it/s][A

Validation DataLoader 0: |          | 8/? [00:00<00:00, 21.58it/s][A

Validation DataLoader 0: |          | 9/? [00:00<00:00, 21.69it/s][A

Validation DataLoader 0: |          | 10/? [00:00<00:00, 21.85it/s][A

Validation DataLoader 0: |          | 11/? [00:00<00:00, 21.54it/s][A

Validation DataLoader 0: |          | 12/? [00:00<00:00, 21.55it/s][A

Validation DataLoader 0: |          | 13/? [00:00<00:00, 21.47it/s][A

Validation DataLoader 0: |          | 14/? [00:00<00:00, 21.80it/s][A

Validation DataLoader 0: |          | 15/? [00:00<00:00, 21.15it/s][A

Validation DataLoader 0: |          | 16/? [00:00<00:00, 19.93it/s][A

Validation DataLoader 0: |          | 17/? [00:00<00:00, 19.07it/s][A

Validation DataLoader 0: |          | 18/? [00:00<00:00, 19.37it/s][A

Validation DataLoader 0: |          | 19/? [00:01<00:00, 18.23it/s][A

Validation DataLoader 0: |          | 20/? [00:01<00:00, 17.49it/s][A

Validation DataLoader 0: |          | 21/? [00:01<00:00, 17.52it/s][A

Validation DataLoader 0: |          | 22/? [00:01<00:00, 17.61it/s][A

Validation DataLoader 0: |          | 23/? [00:01<00:00, 17.69it/s][A

Validation DataLoader 0: |          | 24/? [00:01<00:00, 17.92it/s][A

Validation DataLoader 0: |          | 25/? [00:01<00:00, 18.04it/s][A

Validation DataLoader 0: |          | 26/? [00:01<00:00, 17.88it/s][A

Validation DataLoader 0: |          | 27/? [00:01<00:00, 18.14it/s][A

Validation DataLoader 0: |          | 28/? [00:01<00:00, 18.05it/s][A

Validation DataLoader 0: |          | 29/? [00:01<00:00, 18.05it/s][A

Validation DataLoader 0: |          | 30/? [00:01<00:00, 18.13it/s][A

Validation DataLoader 0: |          | 31/? [00:01<00:00, 18.18it/s][A

Validation DataLoader 0: |          | 32/? [00:01<00:00, 18.35it/s][A

Validation DataLoader 0: |          | 33/? [00:01<00:00, 18.58it/s][A

Validation DataLoader 0: |          | 34/? [00:01<00:00, 18.57it/s][A

Validation DataLoader 0: |          | 35/? [00:01<00:00, 18.47it/s][A

Validation DataLoader 0: |          | 36/? [00:01<00:00, 18.40it/s][A

Validation DataLoader 0: |          | 37/? [00:02<00:00, 18.30it/s][A

Validation DataLoader 0: |          | 38/? [00:02<00:00, 18.39it/s][A

Validation DataLoader 0: |          | 39/? [00:02<00:00, 16.46it/s][A

                                                                   [A
Epoch 0: |          | 50/? [00:11<00:00,  4.51it/s, v_num=21, val_loss=1.770]
Epoch 0: |          | 50/? [00:11<00:00,  4.51it/s, v_num=21, val_loss=1.770, train_loss=1.920]
Epoch 0: |          | 50/? [00:11<00:00,  4.33it/s, v_num=21, val_loss=1.770, train_loss=1.920]

=== Evaluation ===

============================================================
Performance Metrics
============================================================
MASE      : 0.8627
RMSE      : 7.0859
MAPE      : 0.4838
sMAPE     : 0.5549
Error: 0.48%

Model saved to: model/
Metrics saved to: score/
============================================================
GPU available: True (mps), used: True
TPU available: False, using: 0 TPU cores
HPU available: False, using: 0 HPUs

  | Name  | Type                           | Params | Mode  | In sizes                                                                           | Out sizes                     
---------------------------------------------------------------------------------------------------------------------------------------------------------------------------------------
0 | model | TemporalFusionTransformerModel | 2.7 M  | train | [[1, 56], [1, 56], [1, 1], [1, 7], [1, 70, 3], [1, 70, 0], [1, 56, 0], [1, 56, 0]] | [[[1, 14, 9]], [1, 1], [1, 1]]
---------------------------------------------------------------------------------------------------------------------------------------------------------------------------------------
2.7 M     Trainable params
0         Non-trainable params
2.7 M     Total params
10.852    Total estimated model params size (MB)
269       Modules in train mode
0         Modules in eval mode
Epoch 0, global step 50: 'val_loss' reached 1.76973 (best 1.76973), saving model to '/Users/dmainf/mac/data_comp/eda/lightning_logs/version_21/checkpoints/epoch=0-step=50.ckpt' as top 1
`Trainer.fit` stopped: `max_epochs=1` reached.

Running evaluation: 0it [00:00, ?it/s]
Running evaluation: 2492it [00:00, 14248.23it/s]
