
================================================================================
EXPERIMENT CONFIGURATION
================================================================================
HIDDEN_DIM: 64
AUGMENTATION_FACTOR: 10
================================================================================


=== Loading Dataset ===
Dataset Shape: (404340, 60)
書店コード                              int32
書名                                 int32
日付                        datetime64[ns]
POS販売冊数                            int32
出版社                                int32
著者名                                int32
大分類                                int32
中分類                                int32
小分類                                int32
本体価格                             float32
開店時間(平)                   datetime64[ns]
閉店時間(平)                   datetime64[ns]
営業時間(平)                            int32
開店時間(特)                   datetime64[ns]
閉店時間(特)                   datetime64[ns]
営業時間(特)                            int32
駅構内                                int32
複合施設                               int32
独立店舗                               int32
n_slice                            int64
month_in_year_sin                float32
month_in_year_cos                float32
week_in_year_sin                 float32
week_in_year_cos                 float32
day_in_year_sin                  float32
day_in_year_cos                  float32
day_in_month                       int32
week_in_month_sin                float32
week_in_month_cos                float32
day_in_month_sin                 float32
day_in_month_cos                 float32
day_in_week_sin                  float32
day_in_week_cos                  float32
is_weekend                         int32
quarter                            int32
mesh_pop_center                  float32
mesh_pop_neighbors_avg           float32
mesh_pop_gradient_NS             float32
mesh_pop_gradient_EW             float32
POS販売冊数_roll_mean3               float32
POS販売冊数_roll_std3                float32
POS販売冊数_roll_max3                float32
POS販売冊数_roll_mean5               float32
POS販売冊数_roll_std5                float32
POS販売冊数_roll_max5                float32
POS販売冊数_roll_mean7               float32
POS販売冊数_roll_std7                float32
POS販売冊数_roll_max7                float32
POS販売冊数_roll_mean8               float32
POS販売冊数_roll_std8                float32
POS販売冊数_roll_max8                float32
POS販売冊数_roll_mean16              float32
POS販売冊数_roll_std16               float32
POS販売冊数_roll_max16               float32
POS販売冊数_roll_mean32              float32
POS販売冊数_roll_std32               float32
POS販売冊数_roll_max32               float32
POS販売冊数_roll_mean64              float32
POS販売冊数_roll_std64               float32
POS販売冊数_roll_max64               float32
dtype: object
Using device: mps

=== Creating Slice Dataset ===
Processing 12810 samples (with 10x augmentation)...
Total series: 12810
Train series: 10248
Test series: 2562

=== Feature Counts ===
Static real: 10
Dynamic real: 79
Past dynamic: 79
Static categorical: 7
Sample shapes:
  feat_dynamic_real: (18, 79)
  past_feat_dynamic_real: (21, 79)

=== Training ===

Sanity Checking: |          | 0/? [00:00<?, ?it/s]
Sanity Checking:   0%|          | 0/2 [00:00<?, ?it/s]
Sanity Checking DataLoader 0:   0%|          | 0/2 [00:00<?, ?it/s]
Sanity Checking DataLoader 0:  50%|█████     | 1/2 [00:00<00:00,  1.12it/s]
Sanity Checking DataLoader 0: 100%|██████████| 2/2 [00:00<00:00,  2.15it/s]
                                                                           

Training: |          | 0/? [00:00<?, ?it/s]
Training: |          | 0/? [00:00<?, ?it/s]
Epoch 0: |          | 0/? [00:00<?, ?it/s] 
Epoch 0: |          | 1/? [00:03<00:00,  0.31it/s]
Epoch 0: |          | 1/? [00:03<00:00,  0.31it/s, v_num=20]
Epoch 0: |          | 2/? [00:03<00:00,  0.56it/s, v_num=20]
Epoch 0: |          | 2/? [00:03<00:00,  0.56it/s, v_num=20]
Epoch 0: |          | 3/? [00:03<00:00,  0.80it/s, v_num=20]
Epoch 0: |          | 3/? [00:03<00:00,  0.80it/s, v_num=20]
Epoch 0: |          | 4/? [00:03<00:00,  1.00it/s, v_num=20]
Epoch 0: |          | 4/? [00:03<00:00,  1.00it/s, v_num=20]
Epoch 0: |          | 5/? [00:04<00:00,  1.20it/s, v_num=20]
Epoch 0: |          | 5/? [00:04<00:00,  1.20it/s, v_num=20]
Epoch 0: |          | 6/? [00:04<00:00,  1.40it/s, v_num=20]
Epoch 0: |          | 6/? [00:04<00:00,  1.40it/s, v_num=20]
Epoch 0: |          | 7/? [00:04<00:00,  1.60it/s, v_num=20]
Epoch 0: |          | 7/? [00:04<00:00,  1.60it/s, v_num=20]
Epoch 0: |          | 8/? [00:04<00:00,  1.76it/s, v_num=20]
Epoch 0: |          | 8/? [00:04<00:00,  1.76it/s, v_num=20]
Epoch 0: |          | 9/? [00:04<00:00,  1.91it/s, v_num=20]
Epoch 0: |          | 9/? [00:04<00:00,  1.91it/s, v_num=20]
Epoch 0: |          | 10/? [00:04<00:00,  2.06it/s, v_num=20]
Epoch 0: |          | 10/? [00:04<00:00,  2.06it/s, v_num=20]
Epoch 0: |          | 11/? [00:05<00:00,  2.17it/s, v_num=20]
Epoch 0: |          | 11/? [00:05<00:00,  2.17it/s, v_num=20]
Epoch 0: |          | 12/? [00:05<00:00,  2.31it/s, v_num=20]
Epoch 0: |          | 12/? [00:05<00:00,  2.31it/s, v_num=20]
Epoch 0: |          | 13/? [00:05<00:00,  2.45it/s, v_num=20]
Epoch 0: |          | 13/? [00:05<00:00,  2.45it/s, v_num=20]
Epoch 0: |          | 14/? [00:05<00:00,  2.57it/s, v_num=20]
Epoch 0: |          | 14/? [00:05<00:00,  2.57it/s, v_num=20]
Epoch 0: |          | 15/? [00:05<00:00,  2.65it/s, v_num=20]
Epoch 0: |          | 15/? [00:05<00:00,  2.65it/s, v_num=20]
Epoch 0: |          | 16/? [00:05<00:00,  2.75it/s, v_num=20]
Epoch 0: |          | 16/? [00:05<00:00,  2.75it/s, v_num=20]
Epoch 0: |          | 17/? [00:05<00:00,  2.87it/s, v_num=20]
Epoch 0: |          | 17/? [00:05<00:00,  2.87it/s, v_num=20]
Epoch 0: |          | 18/? [00:06<00:00,  2.98it/s, v_num=20]
Epoch 0: |          | 18/? [00:06<00:00,  2.98it/s, v_num=20]
Epoch 0: |          | 19/? [00:06<00:00,  3.09it/s, v_num=20]
Epoch 0: |          | 19/? [00:06<00:00,  3.09it/s, v_num=20]
Epoch 0: |          | 20/? [00:06<00:00,  3.20it/s, v_num=20]
Epoch 0: |          | 20/? [00:06<00:00,  3.20it/s, v_num=20]
Epoch 0: |          | 21/? [00:06<00:00,  3.31it/s, v_num=20]
Epoch 0: |          | 21/? [00:06<00:00,  3.31it/s, v_num=20]
Epoch 0: |          | 22/? [00:06<00:00,  3.41it/s, v_num=20]
Epoch 0: |          | 22/? [00:06<00:00,  3.41it/s, v_num=20]
Epoch 0: |          | 23/? [00:06<00:00,  3.48it/s, v_num=20]
Epoch 0: |          | 23/? [00:06<00:00,  3.48it/s, v_num=20]
Epoch 0: |          | 24/? [00:06<00:00,  3.55it/s, v_num=20]
Epoch 0: |          | 24/? [00:06<00:00,  3.55it/s, v_num=20]
Epoch 0: |          | 25/? [00:06<00:00,  3.64it/s, v_num=20]
Epoch 0: |          | 25/? [00:06<00:00,  3.63it/s, v_num=20]
Epoch 0: |          | 26/? [00:06<00:00,  3.73it/s, v_num=20]
Epoch 0: |          | 26/? [00:06<00:00,  3.73it/s, v_num=20]
Epoch 0: |          | 27/? [00:07<00:00,  3.82it/s, v_num=20]
Epoch 0: |          | 27/? [00:07<00:00,  3.82it/s, v_num=20]
Epoch 0: |          | 28/? [00:07<00:00,  3.90it/s, v_num=20]
Epoch 0: |          | 28/? [00:07<00:00,  3.90it/s, v_num=20]
Epoch 0: |          | 29/? [00:07<00:00,  3.99it/s, v_num=20]
Epoch 0: |          | 29/? [00:07<00:00,  3.99it/s, v_num=20]
Epoch 0: |          | 30/? [00:07<00:00,  4.08it/s, v_num=20]
Epoch 0: |          | 30/? [00:07<00:00,  4.08it/s, v_num=20]
Epoch 0: |          | 31/? [00:07<00:00,  4.15it/s, v_num=20]
Epoch 0: |          | 31/? [00:07<00:00,  4.15it/s, v_num=20]
Epoch 0: |          | 32/? [00:07<00:00,  4.22it/s, v_num=20]
Epoch 0: |          | 32/? [00:07<00:00,  4.22it/s, v_num=20]
Epoch 0: |          | 33/? [00:07<00:00,  4.30it/s, v_num=20]
Epoch 0: |          | 33/? [00:07<00:00,  4.30it/s, v_num=20]
Epoch 0: |          | 34/? [00:07<00:00,  4.38it/s, v_num=20]
Epoch 0: |          | 34/? [00:07<00:00,  4.38it/s, v_num=20]
Epoch 0: |          | 35/? [00:07<00:00,  4.45it/s, v_num=20]
Epoch 0: |          | 35/? [00:07<00:00,  4.45it/s, v_num=20]
Epoch 0: |          | 36/? [00:07<00:00,  4.51it/s, v_num=20]
Epoch 0: |          | 36/? [00:07<00:00,  4.51it/s, v_num=20]
Epoch 0: |          | 37/? [00:08<00:00,  4.59it/s, v_num=20]
Epoch 0: |          | 37/? [00:08<00:00,  4.59it/s, v_num=20]
Epoch 0: |          | 38/? [00:08<00:00,  4.67it/s, v_num=20]
Epoch 0: |          | 38/? [00:08<00:00,  4.67it/s, v_num=20]
Epoch 0: |          | 39/? [00:08<00:00,  4.74it/s, v_num=20]
Epoch 0: |          | 39/? [00:08<00:00,  4.74it/s, v_num=20]
Epoch 0: |          | 40/? [00:08<00:00,  4.80it/s, v_num=20]
Epoch 0: |          | 40/? [00:08<00:00,  4.80it/s, v_num=20]
Epoch 0: |          | 41/? [00:08<00:00,  4.87it/s, v_num=20]
Epoch 0: |          | 41/? [00:08<00:00,  4.87it/s, v_num=20]
Epoch 0: |          | 42/? [00:08<00:00,  4.92it/s, v_num=20]
Epoch 0: |          | 42/? [00:08<00:00,  4.92it/s, v_num=20]
Epoch 0: |          | 43/? [00:08<00:00,  4.99it/s, v_num=20]
Epoch 0: |          | 43/? [00:08<00:00,  4.99it/s, v_num=20]
Epoch 0: |          | 44/? [00:08<00:00,  5.04it/s, v_num=20]
Epoch 0: |          | 44/? [00:08<00:00,  5.04it/s, v_num=20]
Epoch 0: |          | 45/? [00:08<00:00,  5.10it/s, v_num=20]
Epoch 0: |          | 45/? [00:08<00:00,  5.10it/s, v_num=20]
Epoch 0: |          | 46/? [00:08<00:00,  5.16it/s, v_num=20]
Epoch 0: |          | 46/? [00:08<00:00,  5.16it/s, v_num=20]
Epoch 0: |          | 47/? [00:09<00:00,  5.21it/s, v_num=20]
Epoch 0: |          | 47/? [00:09<00:00,  5.21it/s, v_num=20]
Epoch 0: |          | 48/? [00:09<00:00,  5.25it/s, v_num=20]
Epoch 0: |          | 48/? [00:09<00:00,  5.25it/s, v_num=20]
Epoch 0: |          | 49/? [00:09<00:00,  5.32it/s, v_num=20]
Epoch 0: |          | 49/? [00:09<00:00,  5.32it/s, v_num=20]
Epoch 0: |          | 50/? [00:09<00:00,  5.39it/s, v_num=20]
Epoch 0: |          | 50/? [00:09<00:00,  5.39it/s, v_num=20]

Validation: |          | 0/? [00:00<?, ?it/s][A

Validation: |          | 0/? [00:00<?, ?it/s][A

Validation DataLoader 0: |          | 0/? [00:00<?, ?it/s][A

Validation DataLoader 0: |          | 1/? [00:00<00:00, 63.36it/s][A

Validation DataLoader 0: |          | 2/? [00:00<00:00, 37.26it/s][A

Validation DataLoader 0: |          | 3/? [00:00<00:00, 30.84it/s][A

Validation DataLoader 0: |          | 4/? [00:00<00:00, 29.54it/s][A

Validation DataLoader 0: |          | 5/? [00:00<00:00, 28.68it/s][A

Validation DataLoader 0: |          | 6/? [00:00<00:00, 28.25it/s][A

Validation DataLoader 0: |          | 7/? [00:00<00:00, 28.17it/s][A

Validation DataLoader 0: |          | 8/? [00:00<00:00, 28.17it/s][A

Validation DataLoader 0: |          | 9/? [00:00<00:00, 28.17it/s][A

Validation DataLoader 0: |          | 10/? [00:00<00:00, 28.15it/s][A

Validation DataLoader 0: |          | 11/? [00:00<00:00, 28.15it/s][A

Validation DataLoader 0: |          | 12/? [00:00<00:00, 27.99it/s][A

Validation DataLoader 0: |          | 13/? [00:00<00:00, 27.68it/s][A

Validation DataLoader 0: |          | 14/? [00:00<00:00, 27.23it/s][A

Validation DataLoader 0: |          | 15/? [00:00<00:00, 26.89it/s][A

Validation DataLoader 0: |          | 16/? [00:00<00:00, 26.94it/s][A

Validation DataLoader 0: |          | 17/? [00:00<00:00, 26.88it/s][A

Validation DataLoader 0: |          | 18/? [00:00<00:00, 26.49it/s][A

Validation DataLoader 0: |          | 19/? [00:00<00:00, 26.34it/s][A

Validation DataLoader 0: |          | 20/? [00:00<00:00, 23.66it/s][A

Validation DataLoader 0: |          | 21/? [00:00<00:00, 23.69it/s][A

Validation DataLoader 0: |          | 22/? [00:00<00:00, 23.72it/s][A

Validation DataLoader 0: |          | 23/? [00:00<00:00, 23.68it/s][A

Validation DataLoader 0: |          | 24/? [00:01<00:00, 23.78it/s][A

Validation DataLoader 0: |          | 25/? [00:01<00:00, 23.62it/s][A

Validation DataLoader 0: |          | 26/? [00:01<00:00, 23.73it/s][A

Validation DataLoader 0: |          | 27/? [00:01<00:00, 23.62it/s][A

Validation DataLoader 0: |          | 28/? [00:01<00:00, 22.67it/s][A

Validation DataLoader 0: |          | 29/? [00:01<00:00, 21.80it/s][A

Validation DataLoader 0: |          | 30/? [00:01<00:00, 20.81it/s][A

Validation DataLoader 0: |          | 31/? [00:01<00:00, 20.39it/s][A

Validation DataLoader 0: |          | 32/? [00:01<00:00, 20.45it/s][A

Validation DataLoader 0: |          | 33/? [00:01<00:00, 20.31it/s][A

Validation DataLoader 0: |          | 34/? [00:01<00:00, 20.42it/s][A

Validation DataLoader 0: |          | 35/? [00:01<00:00, 20.18it/s][A

Validation DataLoader 0: |          | 36/? [00:01<00:00, 20.39it/s][A

Validation DataLoader 0: |          | 37/? [00:01<00:00, 20.39it/s][A

Validation DataLoader 0: |          | 38/? [00:01<00:00, 20.30it/s][A

Validation DataLoader 0: |          | 39/? [00:01<00:00, 20.30it/s][A

Validation DataLoader 0: |          | 40/? [00:01<00:00, 20.38it/s][A

Validation DataLoader 0: |          | 41/? [00:02<00:00, 13.79it/s][A

                                                                   [A
Epoch 0: |          | 50/? [00:12<00:00,  4.07it/s, v_num=20, val_loss=1.900]
Epoch 0: |          | 50/? [00:12<00:00,  4.07it/s, v_num=20, val_loss=1.900, train_loss=1.950]
Epoch 0: |          | 50/? [00:12<00:00,  3.97it/s, v_num=20, val_loss=1.900, train_loss=1.950]

=== Evaluation ===

============================================================
Performance Metrics
============================================================
MASE      : 0.8897
RMSE      : 8.7363
MAPE      : 0.5333
sMAPE     : 0.5632
Error: 0.53%

Model saved to: model/
Metrics saved to: score/
============================================================
GPU available: True (mps), used: True
TPU available: False, using: 0 TPU cores
HPU available: False, using: 0 HPUs

  | Name  | Type                           | Params | Mode  | In sizes                                                                           | Out sizes                     
---------------------------------------------------------------------------------------------------------------------------------------------------------------------------------------
0 | model | TemporalFusionTransformerModel | 2.3 M  | train | [[1, 56], [1, 56], [1, 1], [1, 7], [1, 70, 3], [1, 70, 0], [1, 56, 0], [1, 56, 0]] | [[[1, 14, 9]], [1, 1], [1, 1]]
---------------------------------------------------------------------------------------------------------------------------------------------------------------------------------------
2.3 M     Trainable params
0         Non-trainable params
2.3 M     Total params
9.245     Total estimated model params size (MB)
266       Modules in train mode
0         Modules in eval mode
Epoch 0, global step 50: 'val_loss' reached 1.89542 (best 1.89542), saving model to '/Users/dmainf/mac/data_comp/eda/lightning_logs/version_20/checkpoints/epoch=0-step=50.ckpt' as top 1
`Trainer.fit` stopped: `max_epochs=1` reached.

Running evaluation: 0it [00:00, ?it/s]
Running evaluation: 2562it [00:00, 14341.93it/s]
