
================================================================================
EXPERIMENT CONFIGURATION
================================================================================
HIDDEN_DIM: 128
AUGMENTATION_FACTOR: 20
================================================================================


=== Loading Dataset ===
Dataset Shape: (404340, 60)
書店コード                              int32
書名                                 int32
日付                        datetime64[ns]
POS販売冊数                            int32
出版社                                int32
著者名                                int32
大分類                                int32
中分類                                int32
小分類                                int32
本体価格                             float32
開店時間(平)                   datetime64[ns]
閉店時間(平)                   datetime64[ns]
営業時間(平)                            int32
開店時間(特)                   datetime64[ns]
閉店時間(特)                   datetime64[ns]
営業時間(特)                            int32
駅構内                                int32
複合施設                               int32
独立店舗                               int32
n_slice                            int64
month_in_year_sin                float32
month_in_year_cos                float32
week_in_year_sin                 float32
week_in_year_cos                 float32
day_in_year_sin                  float32
day_in_year_cos                  float32
day_in_month                       int32
week_in_month_sin                float32
week_in_month_cos                float32
day_in_month_sin                 float32
day_in_month_cos                 float32
day_in_week_sin                  float32
day_in_week_cos                  float32
is_weekend                         int32
quarter                            int32
mesh_pop_center                  float32
mesh_pop_neighbors_avg           float32
mesh_pop_gradient_NS             float32
mesh_pop_gradient_EW             float32
POS販売冊数_roll_mean3               float32
POS販売冊数_roll_std3                float32
POS販売冊数_roll_max3                float32
POS販売冊数_roll_mean5               float32
POS販売冊数_roll_std5                float32
POS販売冊数_roll_max5                float32
POS販売冊数_roll_mean7               float32
POS販売冊数_roll_std7                float32
POS販売冊数_roll_max7                float32
POS販売冊数_roll_mean8               float32
POS販売冊数_roll_std8                float32
POS販売冊数_roll_max8                float32
POS販売冊数_roll_mean16              float32
POS販売冊数_roll_std16               float32
POS販売冊数_roll_max16               float32
POS販売冊数_roll_mean32              float32
POS販売冊数_roll_std32               float32
POS販売冊数_roll_max32               float32
POS販売冊数_roll_mean64              float32
POS販売冊数_roll_std64               float32
POS販売冊数_roll_max64               float32
dtype: object
Using device: mps

=== Creating Slice Dataset ===
Processing 25380 samples (with 20x augmentation)...
Total series: 25380
Train series: 20304
Test series: 5076

=== Feature Counts ===
Static real: 10
Dynamic real: 85
Past dynamic: 85
Static categorical: 7
Sample shapes:
  feat_dynamic_real: (18, 85)
  past_feat_dynamic_real: (21, 85)

=== Training ===

Sanity Checking: |          | 0/? [00:00<?, ?it/s]
Sanity Checking:   0%|          | 0/2 [00:00<?, ?it/s]
Sanity Checking DataLoader 0:   0%|          | 0/2 [00:00<?, ?it/s]
Sanity Checking DataLoader 0:  50%|█████     | 1/2 [00:00<00:00,  3.80it/s]
Sanity Checking DataLoader 0: 100%|██████████| 2/2 [00:00<00:00,  6.45it/s]
                                                                           

Training: |          | 0/? [00:00<?, ?it/s]
Training: |          | 0/? [00:00<?, ?it/s]
Epoch 0: |          | 0/? [00:00<?, ?it/s] 
Epoch 0: |          | 1/? [00:01<00:00,  0.76it/s]
Epoch 0: |          | 1/? [00:01<00:00,  0.76it/s, v_num=29]
Epoch 0: |          | 2/? [00:01<00:00,  1.41it/s, v_num=29]
Epoch 0: |          | 2/? [00:01<00:00,  1.41it/s, v_num=29]
Epoch 0: |          | 3/? [00:01<00:00,  1.97it/s, v_num=29]
Epoch 0: |          | 3/? [00:01<00:00,  1.97it/s, v_num=29]
Epoch 0: |          | 4/? [00:01<00:00,  2.46it/s, v_num=29]
Epoch 0: |          | 4/? [00:01<00:00,  2.46it/s, v_num=29]
Epoch 0: |          | 5/? [00:01<00:00,  2.86it/s, v_num=29]
Epoch 0: |          | 5/? [00:01<00:00,  2.86it/s, v_num=29]
Epoch 0: |          | 6/? [00:01<00:00,  3.17it/s, v_num=29]
Epoch 0: |          | 6/? [00:01<00:00,  3.17it/s, v_num=29]
Epoch 0: |          | 7/? [00:02<00:00,  3.46it/s, v_num=29]
Epoch 0: |          | 7/? [00:02<00:00,  3.46it/s, v_num=29]
Epoch 0: |          | 8/? [00:02<00:00,  3.65it/s, v_num=29]
Epoch 0: |          | 8/? [00:02<00:00,  3.65it/s, v_num=29]
Epoch 0: |          | 9/? [00:02<00:00,  3.69it/s, v_num=29]
Epoch 0: |          | 9/? [00:02<00:00,  3.69it/s, v_num=29]
Epoch 0: |          | 10/? [00:02<00:00,  3.77it/s, v_num=29]
Epoch 0: |          | 10/? [00:02<00:00,  3.77it/s, v_num=29]
Epoch 0: |          | 11/? [00:02<00:00,  3.99it/s, v_num=29]
Epoch 0: |          | 11/? [00:02<00:00,  3.99it/s, v_num=29]
Epoch 0: |          | 12/? [00:02<00:00,  4.15it/s, v_num=29]
Epoch 0: |          | 12/? [00:02<00:00,  4.15it/s, v_num=29]
Epoch 0: |          | 13/? [00:03<00:00,  4.28it/s, v_num=29]
Epoch 0: |          | 13/? [00:03<00:00,  4.28it/s, v_num=29]
Epoch 0: |          | 14/? [00:03<00:00,  4.41it/s, v_num=29]
Epoch 0: |          | 14/? [00:03<00:00,  4.41it/s, v_num=29]
Epoch 0: |          | 15/? [00:03<00:00,  4.56it/s, v_num=29]
Epoch 0: |          | 15/? [00:03<00:00,  4.56it/s, v_num=29]
Epoch 0: |          | 16/? [00:03<00:00,  4.70it/s, v_num=29]
Epoch 0: |          | 16/? [00:03<00:00,  4.70it/s, v_num=29]
Epoch 0: |          | 17/? [00:03<00:00,  4.83it/s, v_num=29]
Epoch 0: |          | 17/? [00:03<00:00,  4.83it/s, v_num=29]
Epoch 0: |          | 18/? [00:03<00:00,  4.89it/s, v_num=29]
Epoch 0: |          | 18/? [00:03<00:00,  4.89it/s, v_num=29]
Epoch 0: |          | 19/? [00:03<00:00,  4.96it/s, v_num=29]
Epoch 0: |          | 19/? [00:03<00:00,  4.96it/s, v_num=29]
Epoch 0: |          | 20/? [00:03<00:00,  5.08it/s, v_num=29]
Epoch 0: |          | 20/? [00:03<00:00,  5.08it/s, v_num=29]
Epoch 0: |          | 21/? [00:04<00:00,  5.13it/s, v_num=29]
Epoch 0: |          | 21/? [00:04<00:00,  5.13it/s, v_num=29]
Epoch 0: |          | 22/? [00:04<00:00,  5.23it/s, v_num=29]
Epoch 0: |          | 22/? [00:04<00:00,  5.23it/s, v_num=29]
Epoch 0: |          | 23/? [00:04<00:00,  5.32it/s, v_num=29]
Epoch 0: |          | 23/? [00:04<00:00,  5.32it/s, v_num=29]
Epoch 0: |          | 24/? [00:04<00:00,  5.41it/s, v_num=29]
Epoch 0: |          | 24/? [00:04<00:00,  5.41it/s, v_num=29]
Epoch 0: |          | 25/? [00:04<00:00,  5.42it/s, v_num=29]
Epoch 0: |          | 25/? [00:04<00:00,  5.42it/s, v_num=29]
Epoch 0: |          | 26/? [00:04<00:00,  5.37it/s, v_num=29]
Epoch 0: |          | 26/? [00:04<00:00,  5.37it/s, v_num=29]
Epoch 0: |          | 27/? [00:05<00:00,  5.28it/s, v_num=29]
Epoch 0: |          | 27/? [00:05<00:00,  5.28it/s, v_num=29]
Epoch 0: |          | 28/? [00:05<00:00,  5.22it/s, v_num=29]
Epoch 0: |          | 28/? [00:05<00:00,  5.22it/s, v_num=29]
Epoch 0: |          | 29/? [00:05<00:00,  5.25it/s, v_num=29]
Epoch 0: |          | 29/? [00:05<00:00,  5.25it/s, v_num=29]
Epoch 0: |          | 30/? [00:05<00:00,  5.22it/s, v_num=29]
Epoch 0: |          | 30/? [00:05<00:00,  5.22it/s, v_num=29]
Epoch 0: |          | 31/? [00:05<00:00,  5.24it/s, v_num=29]
Epoch 0: |          | 31/? [00:05<00:00,  5.24it/s, v_num=29]
Epoch 0: |          | 32/? [00:06<00:00,  5.25it/s, v_num=29]
Epoch 0: |          | 32/? [00:06<00:00,  5.25it/s, v_num=29]
Epoch 0: |          | 33/? [00:06<00:00,  5.23it/s, v_num=29]
Epoch 0: |          | 33/? [00:06<00:00,  5.23it/s, v_num=29]
Epoch 0: |          | 34/? [00:06<00:00,  5.24it/s, v_num=29]
Epoch 0: |          | 34/? [00:06<00:00,  5.24it/s, v_num=29]
Epoch 0: |          | 35/? [00:06<00:00,  5.27it/s, v_num=29]
Epoch 0: |          | 35/? [00:06<00:00,  5.27it/s, v_num=29]
Epoch 0: |          | 36/? [00:06<00:00,  5.24it/s, v_num=29]
Epoch 0: |          | 36/? [00:06<00:00,  5.24it/s, v_num=29]
Epoch 0: |          | 37/? [00:07<00:00,  5.26it/s, v_num=29]
Epoch 0: |          | 37/? [00:07<00:00,  5.26it/s, v_num=29]
Epoch 0: |          | 38/? [00:07<00:00,  5.26it/s, v_num=29]
Epoch 0: |          | 38/? [00:07<00:00,  5.26it/s, v_num=29]
Epoch 0: |          | 39/? [00:07<00:00,  5.27it/s, v_num=29]
Epoch 0: |          | 39/? [00:07<00:00,  5.27it/s, v_num=29]
Epoch 0: |          | 40/? [00:07<00:00,  5.29it/s, v_num=29]
Epoch 0: |          | 40/? [00:07<00:00,  5.29it/s, v_num=29]
Epoch 0: |          | 41/? [00:07<00:00,  5.31it/s, v_num=29]
Epoch 0: |          | 41/? [00:07<00:00,  5.31it/s, v_num=29]
Epoch 0: |          | 42/? [00:07<00:00,  5.37it/s, v_num=29]
Epoch 0: |          | 42/? [00:07<00:00,  5.37it/s, v_num=29]
Epoch 0: |          | 43/? [00:07<00:00,  5.38it/s, v_num=29]
Epoch 0: |          | 43/? [00:07<00:00,  5.38it/s, v_num=29]
Epoch 0: |          | 44/? [00:08<00:00,  5.42it/s, v_num=29]
Epoch 0: |          | 44/? [00:08<00:00,  5.42it/s, v_num=29]
Epoch 0: |          | 45/? [00:08<00:00,  5.39it/s, v_num=29]
Epoch 0: |          | 45/? [00:08<00:00,  5.39it/s, v_num=29]
Epoch 0: |          | 46/? [00:08<00:00,  5.39it/s, v_num=29]
Epoch 0: |          | 46/? [00:08<00:00,  5.39it/s, v_num=29]
Epoch 0: |          | 47/? [00:08<00:00,  5.41it/s, v_num=29]
Epoch 0: |          | 47/? [00:08<00:00,  5.41it/s, v_num=29]
Epoch 0: |          | 48/? [00:08<00:00,  5.42it/s, v_num=29]
Epoch 0: |          | 48/? [00:08<00:00,  5.42it/s, v_num=29]
Epoch 0: |          | 49/? [00:09<00:00,  5.44it/s, v_num=29]
Epoch 0: |          | 49/? [00:09<00:00,  5.44it/s, v_num=29]
Epoch 0: |          | 50/? [00:09<00:00,  5.45it/s, v_num=29]
Epoch 0: |          | 50/? [00:09<00:00,  5.45it/s, v_num=29]

Validation: |          | 0/? [00:00<?, ?it/s][A

Validation: |          | 0/? [00:00<?, ?it/s][A

Validation DataLoader 0: |          | 0/? [00:00<?, ?it/s][A

Validation DataLoader 0: |          | 1/? [00:00<00:00, 16.62it/s][A

Validation DataLoader 0: |          | 2/? [00:00<00:00, 13.07it/s][A

Validation DataLoader 0: |          | 3/? [00:00<00:00, 15.48it/s][A

Validation DataLoader 0: |          | 4/? [00:00<00:00, 15.94it/s][A

Validation DataLoader 0: |          | 5/? [00:00<00:00, 17.09it/s][A

Validation DataLoader 0: |          | 6/? [00:00<00:00, 15.64it/s][A

Validation DataLoader 0: |          | 7/? [00:00<00:00, 15.91it/s][A

Validation DataLoader 0: |          | 8/? [00:00<00:00, 15.23it/s][A

Validation DataLoader 0: |          | 9/? [00:00<00:00, 14.84it/s][A

Validation DataLoader 0: |          | 10/? [00:00<00:00, 14.96it/s][A

Validation DataLoader 0: |          | 11/? [00:00<00:00, 14.86it/s][A

Validation DataLoader 0: |          | 12/? [00:00<00:00, 14.56it/s][A

Validation DataLoader 0: |          | 13/? [00:00<00:00, 14.92it/s][A

Validation DataLoader 0: |          | 14/? [00:00<00:00, 15.10it/s][A

Validation DataLoader 0: |          | 15/? [00:01<00:00, 14.83it/s][A

Validation DataLoader 0: |          | 16/? [00:01<00:00, 14.84it/s][A

Validation DataLoader 0: |          | 17/? [00:01<00:00, 14.61it/s][A

Validation DataLoader 0: |          | 18/? [00:01<00:00, 14.89it/s][A

Validation DataLoader 0: |          | 19/? [00:01<00:00, 14.89it/s][A

Validation DataLoader 0: |          | 20/? [00:01<00:00, 15.16it/s][A

Validation DataLoader 0: |          | 21/? [00:01<00:00, 15.36it/s][A

Validation DataLoader 0: |          | 22/? [00:01<00:00, 15.59it/s][A

Validation DataLoader 0: |          | 23/? [00:01<00:00, 15.90it/s][A

Validation DataLoader 0: |          | 24/? [00:01<00:00, 16.28it/s][A

Validation DataLoader 0: |          | 25/? [00:01<00:00, 16.54it/s][A

Validation DataLoader 0: |          | 26/? [00:01<00:00, 16.72it/s][A

Validation DataLoader 0: |          | 27/? [00:01<00:00, 16.79it/s][A

Validation DataLoader 0: |          | 28/? [00:01<00:00, 16.85it/s][A

Validation DataLoader 0: |          | 29/? [00:01<00:00, 16.61it/s][A

Validation DataLoader 0: |          | 30/? [00:01<00:00, 16.78it/s][A

Validation DataLoader 0: |          | 31/? [00:01<00:00, 17.01it/s][A

Validation DataLoader 0: |          | 32/? [00:01<00:00, 17.16it/s][A

Validation DataLoader 0: |          | 33/? [00:01<00:00, 17.32it/s][A

Validation DataLoader 0: |          | 34/? [00:01<00:00, 17.46it/s][A

Validation DataLoader 0: |          | 35/? [00:01<00:00, 17.54it/s][A

Validation DataLoader 0: |          | 36/? [00:02<00:00, 17.37it/s][A

Validation DataLoader 0: |          | 37/? [00:02<00:00, 17.26it/s][A

Validation DataLoader 0: |          | 38/? [00:02<00:00, 17.24it/s][A

Validation DataLoader 0: |          | 39/? [00:02<00:00, 17.08it/s][A

Validation DataLoader 0: |          | 40/? [00:02<00:00, 16.98it/s][A

Validation DataLoader 0: |          | 41/? [00:02<00:00, 16.99it/s][A

Validation DataLoader 0: |          | 42/? [00:02<00:00, 16.94it/s][A

Validation DataLoader 0: |          | 43/? [00:02<00:00, 17.15it/s][A

Validation DataLoader 0: |          | 44/? [00:02<00:00, 17.29it/s][A

Validation DataLoader 0: |          | 45/? [00:02<00:00, 17.42it/s][A

Validation DataLoader 0: |          | 46/? [00:02<00:00, 17.15it/s][A

Validation DataLoader 0: |          | 47/? [00:02<00:00, 17.22it/s][A

Validation DataLoader 0: |          | 48/? [00:02<00:00, 17.18it/s][A

Validation DataLoader 0: |          | 49/? [00:02<00:00, 17.17it/s][A

Validation DataLoader 0: |          | 50/? [00:02<00:00, 17.11it/s][A

Validation DataLoader 0: |          | 51/? [00:03<00:00, 16.88it/s][A

Validation DataLoader 0: |          | 52/? [00:03<00:00, 17.02it/s][A

Validation DataLoader 0: |          | 53/? [00:03<00:00, 17.09it/s][A

Validation DataLoader 0: |          | 54/? [00:03<00:00, 17.09it/s][A

Validation DataLoader 0: |          | 55/? [00:03<00:00, 17.10it/s][A

Validation DataLoader 0: |          | 56/? [00:03<00:00, 17.20it/s][A

Validation DataLoader 0: |          | 57/? [00:03<00:00, 17.29it/s][A

Validation DataLoader 0: |          | 58/? [00:03<00:00, 17.45it/s][A

Validation DataLoader 0: |          | 59/? [00:03<00:00, 17.49it/s][A

Validation DataLoader 0: |          | 60/? [00:03<00:00, 17.40it/s][A

Validation DataLoader 0: |          | 61/? [00:03<00:00, 17.43it/s][A

Validation DataLoader 0: |          | 62/? [00:03<00:00, 17.48it/s][A

Validation DataLoader 0: |          | 63/? [00:03<00:00, 17.56it/s][A

Validation DataLoader 0: |          | 64/? [00:03<00:00, 17.61it/s][A

Validation DataLoader 0: |          | 65/? [00:03<00:00, 17.72it/s][A

Validation DataLoader 0: |          | 66/? [00:03<00:00, 17.79it/s][A

Validation DataLoader 0: |          | 67/? [00:03<00:00, 17.83it/s][A

Validation DataLoader 0: |          | 68/? [00:03<00:00, 17.92it/s][A

Validation DataLoader 0: |          | 69/? [00:03<00:00, 17.96it/s][A

Validation DataLoader 0: |          | 70/? [00:03<00:00, 18.01it/s][A

Validation DataLoader 0: |          | 71/? [00:03<00:00, 18.09it/s][A

Validation DataLoader 0: |          | 72/? [00:03<00:00, 18.15it/s][A

Validation DataLoader 0: |          | 73/? [00:04<00:00, 18.23it/s][A

Validation DataLoader 0: |          | 74/? [00:04<00:00, 18.32it/s][A

Validation DataLoader 0: |          | 75/? [00:04<00:00, 18.41it/s][A

Validation DataLoader 0: |          | 76/? [00:04<00:00, 18.47it/s][A

Validation DataLoader 0: |          | 77/? [00:04<00:00, 18.52it/s][A

Validation DataLoader 0: |          | 78/? [00:04<00:00, 18.55it/s][A

Validation DataLoader 0: |          | 79/? [00:04<00:00, 18.67it/s][A

Validation DataLoader 0: |          | 80/? [00:04<00:00, 17.83it/s][A

                                                                   [A
Epoch 0: |          | 50/? [00:13<00:00,  3.65it/s, v_num=29, val_loss=1.910]
Epoch 0: |          | 50/? [00:13<00:00,  3.65it/s, v_num=29, val_loss=1.910, train_loss=1.830]
Epoch 0: |          | 50/? [00:14<00:00,  3.56it/s, v_num=29, val_loss=1.910, train_loss=1.830]

=== Evaluation ===

============================================================
Performance Metrics
============================================================
MASE      : 0.9047
RMSE      : 9.1009
MAPE      : 0.4363
sMAPE     : 0.5669
Error: 0.44%

Model saved to: model/
Metrics saved to: score/
============================================================
GPU available: True (mps), used: True
TPU available: False, using: 0 TPU cores
HPU available: False, using: 0 HPUs

  | Name  | Type                           | Params | Mode  | In sizes                                                                           | Out sizes                     
---------------------------------------------------------------------------------------------------------------------------------------------------------------------------------------
0 | model | TemporalFusionTransformerModel | 2.7 M  | train | [[1, 56], [1, 56], [1, 1], [1, 7], [1, 70, 3], [1, 70, 0], [1, 56, 0], [1, 56, 0]] | [[[1, 14, 9]], [1, 1], [1, 1]]
---------------------------------------------------------------------------------------------------------------------------------------------------------------------------------------
2.7 M     Trainable params
0         Non-trainable params
2.7 M     Total params
10.852    Total estimated model params size (MB)
269       Modules in train mode
0         Modules in eval mode
Epoch 0, global step 50: 'val_loss' reached 1.91101 (best 1.91101), saving model to '/Users/dmainf/mac/data_comp/eda/lightning_logs/version_29/checkpoints/epoch=0-step=50.ckpt' as top 1
`Trainer.fit` stopped: `max_epochs=1` reached.

Running evaluation: 0it [00:00, ?it/s]
Running evaluation: 5076it [00:00, 14360.29it/s]
